Epoch: 1, loss: 5.147805213928223, IoU: 0.5: 100%|██████████| 51/51 [02:44<00:00,  3.22s/it]                 
Train Loss: 1.2554461190513535, Train IOU: 0.7470588239968992
Valid Loss: 0.6106826531536439, Valid IOU: 0.8338235231006846

Epoch: 2, loss: 0.6553490161895752, IoU: 0.5: 100%|██████████| 51/51 [02:05<00:00,  2.46s/it]                
Train Loss: 0.8757495956093657, Train IOU: 0.8058823475650713
Valid Loss: 0.6413560759495286, Valid IOU: 0.8985294103622437

Epoch: 3, loss: 0.03526078909635544, IoU: 1.0: 100%|██████████| 51/51 [02:05<00:00,  2.46s/it]               
Train Loss: 0.5733212412280195, Train IOU: 0.8607843062456917
Valid Loss: 0.5508027015363469, Valid IOU: 0.8691176386440501

Epoch: 4, loss: 0.17650499939918518, IoU: 1.0: 100%|██████████| 51/51 [02:05<00:00,  2.46s/it]               
Train Loss: 0.47124496905827057, Train IOU: 0.8686274453705433
Valid Loss: 0.6281522521201302, Valid IOU: 0.8529411729644326

Epoch: 5, loss: 0.15712429583072662, IoU: 1.0: 100%|██████████| 51/51 [02:05<00:00,  2.46s/it]               
Train Loss: 0.4543606989523944, Train IOU: 0.8745097950393078
Valid Loss: 0.6156334596521714, Valid IOU: 0.8573529404752395

Epoch: 6, loss: 0.16861799359321594, IoU: 1.0: 100%|██████████| 51/51 [02:05<00:00,  2.46s/it]               
Train Loss: 0.4760594350450179, Train IOU: 0.864705879314273
Valid Loss: 0.5750580105711433, Valid IOU: 0.8279411757693571

Epoch: 7, loss: 0.17399334907531738, IoU: 1.0: 100%|██████████| 51/51 [02:05<00:00,  2.45s/it]               
Train Loss: 0.45668286464962304, Train IOU: 0.8725490114268135
Valid Loss: 0.47141002381549163, Valid IOU: 0.8573529404752395

Epoch: 8, loss: 1.2791695594787598, IoU: 0.5: 100%|██████████| 51/51 [02:03<00:00,  2.43s/it]                
Train Loss: 0.4466630531584515, Train IOU: 0.8725490161016876
Valid Loss: 0.5044892469749731, Valid IOU: 0.8455882352941176

Epoch: 9, loss: 0.13555502891540527, IoU: 1.0: 100%|██████████| 51/51 [02:05<00:00,  2.45s/it]               
Train Loss: 0.4224110010500048, Train IOU: 0.8686274442018247
Valid Loss: 0.3824085549396627, Valid IOU: 0.8970588235294118

Epoch: 10, loss: 0.4094507098197937, IoU: 1.0: 100%|██████████| 51/51 [02:05<00:00,  2.46s/it]                
Train Loss: 0.45726272390753614, Train IOU: 0.8725490090893764
Valid Loss: 0.4492317530162194, Valid IOU: 0.9029411708607393

Epoch: 11, loss: 2.0090320110321045, IoU: 0.5: 100%|██████████| 51/51 [02:04<00:00,  2.44s/it]                
Train Loss: 0.5665649428379302, Train IOU: 0.8333333269053814
Valid Loss: 0.4946618921616498, Valid IOU: 0.8544117597972646

Epoch: 12, loss: 0.08109353482723236, IoU: 1.0: 100%|██████████| 51/51 [02:04<00:00,  2.44s/it]               
Train Loss: 0.4035295972637102, Train IOU: 0.8921568522266313
Valid Loss: 0.37977421327548866, Valid IOU: 0.8955882226719576

Epoch: 13, loss: 1.1264389753341675, IoU: 0.5: 100%|██████████| 51/51 [02:05<00:00,  2.46s/it]                
Train Loss: 0.4641800341652889, Train IOU: 0.8666666640954859
Valid Loss: 0.4859687011031544, Valid IOU: 0.8602941106347477

Epoch: 14, loss: 0.17912383377552032, IoU: 1.0: 100%|██████████| 51/51 [02:05<00:00,  2.46s/it]               
Train Loss: 0.4081304492611511, Train IOU: 0.8803921493829465
Valid Loss: 0.41591571490554247, Valid IOU: 0.8882352850016426

Epoch: 15, loss: 0.1645144522190094, IoU: 1.0: 100%|██████████| 51/51 [02:05<00:00,  2.47s/it]                
Train Loss: 0.4576927575410581, Train IOU: 0.8686274477079803
Valid Loss: 0.5035043674356797, Valid IOU: 0.833823519594529

Epoch: 16, loss: 0.13467150926589966, IoU: 1.0: 100%|██████████| 51/51 [02:05<00:00,  2.47s/it]               
Train Loss: 0.3898341683488266, Train IOU: 0.8882352861703611
Valid Loss: 0.45051609417971444, Valid IOU: 0.8691176421502057

Epoch: 17, loss: 0.14069905877113342, IoU: 1.0: 100%|██████████| 51/51 [02:05<00:00,  2.47s/it]               
Train Loss: 0.42486515758084314, Train IOU: 0.8803921540578207
Valid Loss: 0.39226873219013214, Valid IOU: 0.8808823508374831

Epoch: 18, loss: 0.9484347105026245, IoU: 0.5: 100%|██████████| 51/51 [02:04<00:00,  2.44s/it]                
Train Loss: 0.4519154544846684, Train IOU: 0.8549019554082085
Valid Loss: 0.43593404222937193, Valid IOU: 0.8632352843004114

Epoch: 19, loss: 0.14521490037441254, IoU: 1.0: 100%|██████████| 51/51 [02:04<00:00,  2.43s/it]               
Train Loss: 0.3877033432032548, Train IOU: 0.8980392054015515
Valid Loss: 0.4077554910498507, Valid IOU: 0.8999999866766089

Epoch: 20, loss: 0.1698000133037567, IoU: 1.0: 100%|██████████| 51/51 [02:05<00:00,  2.47s/it]                
Train Loss: 0.43346985970057694, Train IOU: 0.8803921517203835
Valid Loss: 0.3806152291157666, Valid IOU: 0.916176462874693

